{"/home/jaber/Downloads/NestJS_Project/apps/api/src/app.controller.ts": {"path":"/home/jaber/Downloads/NestJS_Project/apps/api/src/app.controller.ts","statementMap":{"0":{"start":{"line":1,"column":0},"end":{"line":1,"column":49}},"1":{"start":{"line":2,"column":0},"end":{"line":2,"column":43}},"2":{"start":{"line":5,"column":7},"end":{"line":12,"column":null}},"3":{"start":{"line":6,"column":31},"end":{"line":6,"column":43}},"4":{"start":{"line":10,"column":4},"end":{"line":10,"column":38}},"5":{"start":{"line":5,"column":13},"end":{"line":5,"column":26}},"6":{"start":{"line":9,"column":2},"end":{"line":11,"column":null}},"7":{"start":{"line":5,"column":13},"end":{"line":12,"column":null}}},"fnMap":{"0":{"name":"(anonymous_2)","decl":{"start":{"line":6,"column":2},"end":{"line":6,"column":31}},"loc":{"start":{"line":6,"column":53},"end":{"line":6,"column":57}}},"1":{"name":"(anonymous_3)","decl":{"start":{"line":9,"column":2},"end":{"line":9,"column":10}},"loc":{"start":{"line":9,"column":10},"end":{"line":11,"column":3}}}},"branchMap":{"0":{"loc":{"start":{"line":6,"column":43},"end":{"line":6,"column":56}},"type":"cond-expr","locations":[{"start":{"line":6,"column":53},"end":{"line":6,"column":56}},{"start":{"line":6,"column":53},"end":{"line":6,"column":56}}]},"1":{"loc":{"start":{"line":6,"column":43},"end":{"line":6,"column":53}},"type":"binary-expr","locations":[{"start":{"line":6,"column":43},"end":{"line":6,"column":56}},{"start":{"line":6,"column":43},"end":{"line":6,"column":53}}]}},"s":{"0":1,"1":1,"2":1,"3":1,"4":1,"5":1,"6":1,"7":1},"f":{"0":1,"1":1},"b":{"0":[1,0],"1":[1,1]}}
,"/home/jaber/Downloads/NestJS_Project/apps/api/src/app.module.ts": {"path":"/home/jaber/Downloads/NestJS_Project/apps/api/src/app.module.ts","statementMap":{"0":{"start":{"line":1,"column":0},"end":{"line":1,"column":40}},"1":{"start":{"line":2,"column":0},"end":{"line":2,"column":61}},"2":{"start":{"line":3,"column":0},"end":{"line":3,"column":50}},"3":{"start":{"line":4,"column":0},"end":{"line":4,"column":57}},"4":{"start":{"line":5,"column":0},"end":{"line":5,"column":54}},"5":{"start":{"line":19,"column":7},"end":{"line":19,"column":null}},"6":{"start":{"line":19,"column":13},"end":{"line":19,"column":22}},"7":{"start":{"line":19,"column":13},"end":{"line":19,"column":null}},"8":{"start":{"line":11,"column":43},"end":{"line":13,"column":8}}},"fnMap":{"0":{"name":"(anonymous_1)","decl":{"start":{"line":11,"column":18},"end":{"line":11,"column":19}},"loc":{"start":{"line":11,"column":43},"end":{"line":13,"column":8}}}},"branchMap":{},"s":{"0":0,"1":0,"2":0,"3":0,"4":0,"5":0,"6":0,"7":0,"8":0},"f":{"0":0},"b":{}}
,"/home/jaber/Downloads/NestJS_Project/apps/api/src/app.service.ts": {"path":"/home/jaber/Downloads/NestJS_Project/apps/api/src/app.service.ts","statementMap":{"0":{"start":{"line":1,"column":0},"end":{"line":1,"column":44}},"1":{"start":{"line":4,"column":7},"end":{"line":8,"column":null}},"2":{"start":{"line":6,"column":4},"end":{"line":6,"column":26}},"3":{"start":{"line":4,"column":13},"end":{"line":4,"column":23}},"4":{"start":{"line":4,"column":13},"end":{"line":8,"column":null}}},"fnMap":{"0":{"name":"(anonymous_1)","decl":{"start":{"line":5,"column":2},"end":{"line":5,"column":10}},"loc":{"start":{"line":5,"column":10},"end":{"line":7,"column":3}}}},"branchMap":{},"s":{"0":1,"1":1,"2":1,"3":1,"4":1},"f":{"0":1},"b":{}}
,"/home/jaber/Downloads/NestJS_Project/apps/api/src/main.ts": {"path":"/home/jaber/Downloads/NestJS_Project/apps/api/src/main.ts","statementMap":{"0":{"start":{"line":1,"column":0},"end":{"line":1,"column":43}},"1":{"start":{"line":2,"column":0},"end":{"line":2,"column":41}},"2":{"start":{"line":3,"column":0},"end":{"line":3,"column":48}},"3":{"start":{"line":4,"column":0},"end":{"line":4,"column":65}},"4":{"start":{"line":7,"column":14},"end":{"line":7,"column":49}},"5":{"start":{"line":9,"column":2},"end":{"line":9,"column":79}},"6":{"start":{"line":11,"column":17},"end":{"line":14,"column":12}},"7":{"start":{"line":15,"column":19},"end":{"line":15,"column":60}},"8":{"start":{"line":16,"column":2},"end":{"line":16,"column":45}},"9":{"start":{"line":18,"column":2},"end":{"line":18,"column":45}},"10":{"start":{"line":20,"column":0},"end":{"line":20,"column":12}}},"fnMap":{"0":{"name":"bootstrap","decl":{"start":{"line":6,"column":15},"end":{"line":6,"column":24}},"loc":{"start":{"line":6,"column":24},"end":{"line":19,"column":1}}}},"branchMap":{"0":{"loc":{"start":{"line":18,"column":19},"end":{"line":18,"column":43}},"type":"binary-expr","locations":[{"start":{"line":18,"column":19},"end":{"line":18,"column":35}},{"start":{"line":18,"column":39},"end":{"line":18,"column":43}}]}},"s":{"0":0,"1":0,"2":0,"3":0,"4":0,"5":0,"6":0,"7":0,"8":0,"9":0,"10":0},"f":{"0":0},"b":{"0":[0,0]}}
,"/home/jaber/Downloads/NestJS_Project/apps/api/src/rabbit/rabbit.module.ts": {"path":"/home/jaber/Downloads/NestJS_Project/apps/api/src/rabbit/rabbit.module.ts","statementMap":{"0":{"start":{"line":1,"column":0},"end":{"line":1,"column":54}},"1":{"start":{"line":2,"column":0},"end":{"line":2,"column":46}},"2":{"start":{"line":3,"column":0},"end":{"line":3,"column":49}},"3":{"start":{"line":4,"column":0},"end":{"line":4,"column":58}},"4":{"start":{"line":10,"column":7},"end":{"line":15,"column":null}},"5":{"start":{"line":11,"column":31},"end":{"line":11,"column":39}},"6":{"start":{"line":13,"column":4},"end":{"line":13,"column":29}},"7":{"start":{"line":10,"column":13},"end":{"line":10,"column":25}},"8":{"start":{"line":10,"column":13},"end":{"line":15,"column":null}}},"fnMap":{"0":{"name":"(anonymous_2)","decl":{"start":{"line":11,"column":2},"end":{"line":11,"column":31}},"loc":{"start":{"line":11,"column":52},"end":{"line":11,"column":56}}},"1":{"name":"(anonymous_3)","decl":{"start":{"line":12,"column":2},"end":{"line":12,"column":7}},"loc":{"start":{"line":12,"column":20},"end":{"line":14,"column":3}}}},"branchMap":{"0":{"loc":{"start":{"line":11,"column":39},"end":{"line":11,"column":55}},"type":"cond-expr","locations":[{"start":{"line":11,"column":52},"end":{"line":11,"column":55}},{"start":{"line":11,"column":52},"end":{"line":11,"column":55}}]},"1":{"loc":{"start":{"line":11,"column":39},"end":{"line":11,"column":52}},"type":"binary-expr","locations":[{"start":{"line":11,"column":39},"end":{"line":11,"column":55}},{"start":{"line":11,"column":39},"end":{"line":11,"column":52}}]}},"s":{"0":0,"1":0,"2":0,"3":0,"4":0,"5":0,"6":0,"7":0,"8":0},"f":{"0":0,"1":0},"b":{"0":[0,0],"1":[0,0]}}
,"/home/jaber/Downloads/NestJS_Project/apps/api/src/rabbit/rabbit.service.ts": {"path":"/home/jaber/Downloads/NestJS_Project/apps/api/src/rabbit/rabbit.service.ts","statementMap":{"0":{"start":{"line":1,"column":0},"end":{"line":1,"column":52}},"1":{"start":{"line":2,"column":0},"end":{"line":2,"column":32}},"2":{"start":{"line":3,"column":0},"end":{"line":3,"column":47}},"3":{"start":{"line":4,"column":0},"end":{"line":4,"column":60}},"4":{"start":{"line":7,"column":26},"end":{"line":58,"column":null}},"5":{"start":{"line":8,"column":28},"end":{"line":8,"column":58}},"6":{"start":{"line":12,"column":22},"end":{"line":12,"column":27}},"7":{"start":{"line":12,"column":50},"end":{"line":12,"column":59}},"8":{"start":{"line":16,"column":20},"end":{"line":16,"column":39}},"9":{"start":{"line":17,"column":21},"end":{"line":17,"column":44}},"10":{"start":{"line":18,"column":17},"end":{"line":18,"column":40}},"11":{"start":{"line":19,"column":20},"end":{"line":19,"column":61}},"12":{"start":{"line":20,"column":22},"end":{"line":20,"column":53}},"13":{"start":{"line":22,"column":4},"end":{"line":28,"column":14}},"14":{"start":{"line":32,"column":16},"end":{"line":32,"column":53}},"15":{"start":{"line":33,"column":18},"end":{"line":33,"column":72}},"16":{"start":{"line":35,"column":4},"end":{"line":35,"column":40}},"17":{"start":{"line":36,"column":4},"end":{"line":36,"column":46}},"18":{"start":{"line":37,"column":4},"end":{"line":37,"column":56}},"19":{"start":{"line":38,"column":4},"end":{"line":38,"column":31}},"20":{"start":{"line":40,"column":4},"end":{"line":40,"column":74}},"21":{"start":{"line":42,"column":4},"end":{"line":56,"column":6}},"22":{"start":{"line":45,"column":8},"end":{"line":45,"column":25}},"23":{"start":{"line":45,"column":18},"end":{"line":45,"column":25}},"24":{"start":{"line":46,"column":8},"end":{"line":53,"column":9}},"25":{"start":{"line":47,"column":26},"end":{"line":47,"column":48}},"26":{"start":{"line":48,"column":10},"end":{"line":48,"column":44}},"27":{"start":{"line":49,"column":10},"end":{"line":49,"column":27}},"28":{"start":{"line":51,"column":10},"end":{"line":51,"column":54}},"29":{"start":{"line":52,"column":10},"end":{"line":52,"column":42}},"30":{"start":{"line":7,"column":13},"end":{"line":7,"column":26}},"31":{"start":{"line":7,"column":13},"end":{"line":58,"column":null}}},"fnMap":{"0":{"name":"(anonymous_11)","decl":{"start":{"line":12,"column":2},"end":{"line":12,"column":22}},"loc":{"start":{"line":12,"column":73},"end":{"line":12,"column":77}}},"1":{"name":"(anonymous_12)","decl":{"start":{"line":15,"column":2},"end":{"line":15,"column":7}},"loc":{"start":{"line":15,"column":37},"end":{"line":29,"column":3}}},"2":{"name":"(anonymous_13)","decl":{"start":{"line":31,"column":2},"end":{"line":31,"column":7}},"loc":{"start":{"line":31,"column":12},"end":{"line":57,"column":3}}},"3":{"name":"(anonymous_14)","decl":{"start":{"line":44,"column":6},"end":{"line":44,"column":11}},"loc":{"start":{"line":44,"column":20},"end":{"line":54,"column":7}}}},"branchMap":{"0":{"loc":{"start":{"line":18,"column":17},"end":{"line":18,"column":40}},"type":"binary-expr","locations":[{"start":{"line":18,"column":17},"end":{"line":18,"column":34}},{"start":{"line":18,"column":38},"end":{"line":18,"column":40}}]},"1":{"loc":{"start":{"line":19,"column":20},"end":{"line":19,"column":61}},"type":"cond-expr","locations":[{"start":{"line":19,"column":47},"end":{"line":19,"column":56}},{"start":{"line":19,"column":59},"end":{"line":19,"column":61}}]},"2":{"loc":{"start":{"line":20,"column":22},"end":{"line":20,"column":53}},"type":"binary-expr","locations":[{"start":{"line":20,"column":22},"end":{"line":20,"column":39}},{"start":{"line":20,"column":43},"end":{"line":20,"column":53}}]},"3":{"loc":{"start":{"line":33,"column":18},"end":{"line":33,"column":72}},"type":"binary-expr","locations":[{"start":{"line":33,"column":18},"end":{"line":33,"column":56}},{"start":{"line":33,"column":60},"end":{"line":33,"column":72}}]},"4":{"loc":{"start":{"line":45,"column":8},"end":{"line":45,"column":25}},"type":"if","locations":[{"start":{"line":45,"column":8},"end":{"line":45,"column":25}},{"start":{},"end":{}}]},"5":{"loc":{"start":{"line":12,"column":27},"end":{"line":12,"column":50}},"type":"cond-expr","locations":[{"start":{"line":12,"column":40},"end":{"line":12,"column":50}},{"start":{"line":12,"column":40},"end":{"line":12,"column":50}}]},"6":{"loc":{"start":{"line":12,"column":27},"end":{"line":12,"column":40}},"type":"binary-expr","locations":[{"start":{"line":12,"column":27},"end":{"line":12,"column":50}},{"start":{"line":12,"column":27},"end":{"line":12,"column":40}}]},"7":{"loc":{"start":{"line":12,"column":40},"end":{"line":12,"column":76}},"type":"cond-expr","locations":[{"start":{"line":12,"column":73},"end":{"line":12,"column":76}},{"start":{"line":12,"column":73},"end":{"line":12,"column":76}}]},"8":{"loc":{"start":{"line":12,"column":40},"end":{"line":12,"column":73}},"type":"binary-expr","locations":[{"start":{"line":12,"column":40},"end":{"line":12,"column":76}},{"start":{"line":12,"column":59},"end":{"line":12,"column":73}}]}},"s":{"0":1,"1":1,"2":1,"3":1,"4":1,"5":2,"6":2,"7":2,"8":2,"9":1,"10":1,"11":1,"12":1,"13":1,"14":0,"15":0,"16":0,"17":0,"18":0,"19":0,"20":0,"21":0,"22":0,"23":0,"24":0,"25":0,"26":0,"27":0,"28":0,"29":0,"30":1,"31":1},"f":{"0":2,"1":2,"2":0,"3":0},"b":{"0":[1,0],"1":[1,0],"2":[1,0],"3":[0,0],"4":[0,0],"5":[1,0],"6":[1,1],"7":[1,0],"8":[1,1]}}
,"/home/jaber/Downloads/NestJS_Project/apps/api/src/signals/signals.controller.ts": {"path":"/home/jaber/Downloads/NestJS_Project/apps/api/src/signals/signals.controller.ts","statementMap":{"0":{"start":{"line":1,"column":0},"end":{"line":1,"column":90}},"1":{"start":{"line":2,"column":0},"end":{"line":2,"column":52}},"2":{"start":{"line":3,"column":0},"end":{"line":3,"column":51}},"3":{"start":{"line":4,"column":0},"end":{"line":4,"column":58}},"4":{"start":{"line":5,"column":0},"end":{"line":5,"column":58}},"5":{"start":{"line":9,"column":7},"end":{"line":55,"column":null}},"6":{"start":{"line":10,"column":31},"end":{"line":10,"column":40}},"7":{"start":{"line":14,"column":4},"end":{"line":14,"column":36}},"8":{"start":{"line":31,"column":24},"end":{"line":31,"column":26}},"9":{"start":{"line":32,"column":4},"end":{"line":32,"column":45}},"10":{"start":{"line":32,"column":18},"end":{"line":32,"column":45}},"11":{"start":{"line":33,"column":4},"end":{"line":37,"column":5}},"12":{"start":{"line":34,"column":6},"end":{"line":34,"column":23}},"13":{"start":{"line":35,"column":6},"end":{"line":35,"column":48}},"14":{"start":{"line":35,"column":16},"end":{"line":35,"column":48}},"15":{"start":{"line":36,"column":6},"end":{"line":36,"column":44}},"16":{"start":{"line":36,"column":14},"end":{"line":36,"column":44}},"17":{"start":{"line":38,"column":4},"end":{"line":38,"column":69}},"18":{"start":{"line":43,"column":4},"end":{"line":43,"column":36}},"19":{"start":{"line":48,"column":4},"end":{"line":48,"column":40}},"20":{"start":{"line":53,"column":4},"end":{"line":53,"column":35}},"21":{"start":{"line":9,"column":13},"end":{"line":9,"column":30}},"22":{"start":{"line":13,"column":2},"end":{"line":15,"column":null}},"23":{"start":{"line":24,"column":2},"end":{"line":39,"column":null}},"24":{"start":{"line":42,"column":2},"end":{"line":44,"column":null}},"25":{"start":{"line":47,"column":2},"end":{"line":49,"column":null}},"26":{"start":{"line":52,"column":2},"end":{"line":54,"column":null}},"27":{"start":{"line":9,"column":13},"end":{"line":55,"column":null}}},"fnMap":{"0":{"name":"(anonymous_4)","decl":{"start":{"line":10,"column":2},"end":{"line":10,"column":31}},"loc":{"start":{"line":10,"column":54},"end":{"line":10,"column":58}}},"1":{"name":"(anonymous_5)","decl":{"start":{"line":13,"column":2},"end":{"line":13,"column":8}},"loc":{"start":{"line":13,"column":37},"end":{"line":15,"column":3}}},"2":{"name":"(anonymous_6)","decl":{"start":{"line":24,"column":2},"end":{"line":24,"column":9}},"loc":{"start":{"line":29,"column":29},"end":{"line":39,"column":3}}},"3":{"name":"(anonymous_7)","decl":{"start":{"line":42,"column":2},"end":{"line":42,"column":9}},"loc":{"start":{"line":42,"column":33},"end":{"line":44,"column":3}}},"4":{"name":"(anonymous_8)","decl":{"start":{"line":47,"column":2},"end":{"line":47,"column":8}},"loc":{"start":{"line":47,"column":62},"end":{"line":49,"column":3}}},"5":{"name":"(anonymous_9)","decl":{"start":{"line":52,"column":2},"end":{"line":52,"column":8}},"loc":{"start":{"line":52,"column":32},"end":{"line":54,"column":3}}}},"branchMap":{"0":{"loc":{"start":{"line":28,"column":20},"end":{"line":28,"column":32}},"type":"default-arg","locations":[{"start":{"line":28,"column":28},"end":{"line":28,"column":32}}]},"1":{"loc":{"start":{"line":29,"column":19},"end":{"line":29,"column":29}},"type":"default-arg","locations":[{"start":{"line":29,"column":26},"end":{"line":29,"column":29}}]},"2":{"loc":{"start":{"line":32,"column":4},"end":{"line":32,"column":45}},"type":"if","locations":[{"start":{"line":32,"column":4},"end":{"line":32,"column":45}},{"start":{},"end":{}}]},"3":{"loc":{"start":{"line":33,"column":4},"end":{"line":37,"column":5}},"type":"if","locations":[{"start":{"line":33,"column":4},"end":{"line":37,"column":5}},{"start":{},"end":{}}]},"4":{"loc":{"start":{"line":33,"column":8},"end":{"line":33,"column":18}},"type":"binary-expr","locations":[{"start":{"line":33,"column":8},"end":{"line":33,"column":12}},{"start":{"line":33,"column":16},"end":{"line":33,"column":18}}]},"5":{"loc":{"start":{"line":35,"column":6},"end":{"line":35,"column":48}},"type":"if","locations":[{"start":{"line":35,"column":6},"end":{"line":35,"column":48}},{"start":{},"end":{}}]},"6":{"loc":{"start":{"line":36,"column":6},"end":{"line":36,"column":44}},"type":"if","locations":[{"start":{"line":36,"column":6},"end":{"line":36,"column":44}},{"start":{},"end":{}}]},"7":{"loc":{"start":{"line":13,"column":22},"end":{"line":13,"column":null}},"type":"cond-expr","locations":[{"start":{"line":13,"column":37},"end":{"line":13,"column":null}},{"start":{"line":13,"column":37},"end":{"line":13,"column":null}}]},"8":{"loc":{"start":{"line":13,"column":22},"end":{"line":13,"column":37}},"type":"binary-expr","locations":[{"start":{"line":13,"column":22},"end":{"line":13,"column":null}},{"start":{"line":13,"column":22},"end":{"line":13,"column":37}}]},"9":{"loc":{"start":{"line":47,"column":47},"end":{"line":47,"column":null}},"type":"cond-expr","locations":[{"start":{"line":47,"column":62},"end":{"line":47,"column":null}},{"start":{"line":47,"column":62},"end":{"line":47,"column":null}}]},"10":{"loc":{"start":{"line":47,"column":47},"end":{"line":47,"column":62}},"type":"binary-expr","locations":[{"start":{"line":47,"column":47},"end":{"line":47,"column":null}},{"start":{"line":47,"column":47},"end":{"line":47,"column":62}}]},"11":{"loc":{"start":{"line":10,"column":40},"end":{"line":10,"column":57}},"type":"cond-expr","locations":[{"start":{"line":10,"column":54},"end":{"line":10,"column":57}},{"start":{"line":10,"column":54},"end":{"line":10,"column":57}}]},"12":{"loc":{"start":{"line":10,"column":40},"end":{"line":10,"column":54}},"type":"binary-expr","locations":[{"start":{"line":10,"column":40},"end":{"line":10,"column":57}},{"start":{"line":10,"column":40},"end":{"line":10,"column":54}}]}},"s":{"0":0,"1":0,"2":0,"3":0,"4":0,"5":0,"6":0,"7":0,"8":0,"9":0,"10":0,"11":0,"12":0,"13":0,"14":0,"15":0,"16":0,"17":0,"18":0,"19":0,"20":0,"21":0,"22":0,"23":0,"24":0,"25":0,"26":0,"27":0},"f":{"0":0,"1":0,"2":0,"3":0,"4":0,"5":0},"b":{"0":[0],"1":[0],"2":[0,0],"3":[0,0],"4":[0,0],"5":[0,0],"6":[0,0],"7":[0,0],"8":[0,0],"9":[0,0],"10":[0,0],"11":[0,0],"12":[0,0]}}
,"/home/jaber/Downloads/NestJS_Project/apps/api/src/signals/signals.module.ts": {"path":"/home/jaber/Downloads/NestJS_Project/apps/api/src/signals/signals.module.ts","statementMap":{"0":{"start":{"line":1,"column":0},"end":{"line":1,"column":40}},"1":{"start":{"line":2,"column":0},"end":{"line":2,"column":50}},"2":{"start":{"line":3,"column":0},"end":{"line":3,"column":57}},"3":{"start":{"line":4,"column":0},"end":{"line":4,"column":51}},"4":{"start":{"line":5,"column":0},"end":{"line":5,"column":56}},"5":{"start":{"line":13,"column":7},"end":{"line":13,"column":null}},"6":{"start":{"line":13,"column":13},"end":{"line":13,"column":26}},"7":{"start":{"line":13,"column":13},"end":{"line":13,"column":null}}},"fnMap":{},"branchMap":{},"s":{"0":0,"1":0,"2":0,"3":0,"4":0,"5":0,"6":0,"7":0},"f":{},"b":{}}
,"/home/jaber/Downloads/NestJS_Project/apps/api/src/signals/signals.schema.ts": {"path":"/home/jaber/Downloads/NestJS_Project/apps/api/src/signals/signals.schema.ts","statementMap":{"0":{"start":{"line":1,"column":0},"end":{"line":1,"column":63}},"1":{"start":{"line":7,"column":7},"end":{"line":22,"column":null}},"2":{"start":{"line":7,"column":13},"end":{"line":7,"column":19}},"3":{"start":{"line":9,"column":2},"end":{"line":9,"column":null}},"4":{"start":{"line":12,"column":2},"end":{"line":12,"column":null}},"5":{"start":{"line":15,"column":2},"end":{"line":15,"column":null}},"6":{"start":{"line":18,"column":2},"end":{"line":18,"column":22}},"7":{"start":{"line":21,"column":2},"end":{"line":21,"column":null}},"8":{"start":{"line":7,"column":13},"end":{"line":22,"column":null}},"9":{"start":{"line":24,"column":13},"end":{"line":24,"column":65}},"10":{"start":{"line":25,"column":0},"end":{"line":25,"column":46}}},"fnMap":{},"branchMap":{"0":{"loc":{"start":{"line":21,"column":9},"end":{"line":21,"column":29}},"type":"cond-expr","locations":[{"start":{"line":21,"column":15},"end":{"line":21,"column":29}},{"start":{"line":21,"column":15},"end":{"line":21,"column":29}}]},"1":{"loc":{"start":{"line":21,"column":9},"end":{"line":21,"column":15}},"type":"binary-expr","locations":[{"start":{"line":21,"column":9},"end":{"line":21,"column":29}},{"start":{"line":21,"column":9},"end":{"line":21,"column":15}}]}},"s":{"0":2,"1":2,"2":2,"3":2,"4":2,"5":2,"6":2,"7":2,"8":2,"9":2,"10":2},"f":{},"b":{"0":[0,2],"1":[2,0]}}
,"/home/jaber/Downloads/NestJS_Project/apps/api/src/signals/signals.service.ts": {"path":"/home/jaber/Downloads/NestJS_Project/apps/api/src/signals/signals.service.ts","statementMap":{"0":{"start":{"line":1,"column":0},"end":{"line":1,"column":44}},"1":{"start":{"line":2,"column":0},"end":{"line":2,"column":47}},"2":{"start":{"line":3,"column":0},"end":{"line":3,"column":46}},"3":{"start":{"line":4,"column":0},"end":{"line":4,"column":58}},"4":{"start":{"line":9,"column":7},"end":{"line":31,"column":null}},"5":{"start":{"line":10,"column":48},"end":{"line":10,"column":55}},"6":{"start":{"line":13,"column":4},"end":{"line":13,"column":34}},"7":{"start":{"line":17,"column":4},"end":{"line":17,"column":85}},"8":{"start":{"line":21,"column":4},"end":{"line":21,"column":42}},"9":{"start":{"line":25,"column":4},"end":{"line":25,"column":71}},"10":{"start":{"line":29,"column":4},"end":{"line":29,"column":51}},"11":{"start":{"line":9,"column":13},"end":{"line":9,"column":27}},"12":{"start":{"line":9,"column":13},"end":{"line":31,"column":null}}},"fnMap":{"0":{"name":"(anonymous_4)","decl":{"start":{"line":10,"column":2},"end":{"line":10,"column":15}},"loc":{"start":{"line":10,"column":76},"end":{"line":10,"column":80}}},"1":{"name":"(anonymous_5)","decl":{"start":{"line":12,"column":2},"end":{"line":12,"column":8}},"loc":{"start":{"line":12,"column":29},"end":{"line":14,"column":3}}},"2":{"name":"(anonymous_6)","decl":{"start":{"line":16,"column":2},"end":{"line":16,"column":9}},"loc":{"start":{"line":16,"column":72},"end":{"line":18,"column":3}}},"3":{"name":"(anonymous_7)","decl":{"start":{"line":20,"column":2},"end":{"line":20,"column":9}},"loc":{"start":{"line":20,"column":20},"end":{"line":22,"column":3}}},"4":{"name":"(anonymous_8)","decl":{"start":{"line":24,"column":2},"end":{"line":24,"column":8}},"loc":{"start":{"line":24,"column":41},"end":{"line":26,"column":3}}},"5":{"name":"(anonymous_9)","decl":{"start":{"line":28,"column":2},"end":{"line":28,"column":8}},"loc":{"start":{"line":28,"column":19},"end":{"line":30,"column":3}}}},"branchMap":{"0":{"loc":{"start":{"line":16,"column":10},"end":{"line":16,"column":50}},"type":"default-arg","locations":[{"start":{"line":16,"column":48},"end":{"line":16,"column":50}}]},"1":{"loc":{"start":{"line":16,"column":52},"end":{"line":16,"column":62}},"type":"default-arg","locations":[{"start":{"line":16,"column":60},"end":{"line":16,"column":62}}]},"2":{"loc":{"start":{"line":16,"column":64},"end":{"line":16,"column":72}},"type":"default-arg","locations":[{"start":{"line":16,"column":71},"end":{"line":16,"column":72}}]},"3":{"loc":{"start":{"line":10,"column":55},"end":{"line":10,"column":76}},"type":"cond-expr","locations":[{"start":{"line":10,"column":60},"end":{"line":10,"column":76}},{"start":{"line":10,"column":60},"end":{"line":10,"column":76}}]},"4":{"loc":{"start":{"line":10,"column":55},"end":{"line":10,"column":60}},"type":"binary-expr","locations":[{"start":{"line":10,"column":55},"end":{"line":10,"column":76}},{"start":{"line":10,"column":55},"end":{"line":10,"column":60}}]}},"s":{"0":2,"1":2,"2":2,"3":2,"4":2,"5":3,"6":1,"7":1,"8":0,"9":0,"10":1,"11":2,"12":2},"f":{"0":3,"1":1,"2":1,"3":0,"4":0,"5":1},"b":{"0":[0],"1":[0],"2":[0],"3":[2,0],"4":[2,2]}}
,"/home/jaber/Downloads/NestJS_Project/apps/api/src/signals/dto/create-signal.dto.ts": {"path":"/home/jaber/Downloads/NestJS_Project/apps/api/src/signals/dto/create-signal.dto.ts","statementMap":{"0":{"start":{"line":1,"column":0},"end":{"line":1,"column":46}},"1":{"start":{"line":2,"column":0},"end":{"line":2,"column":65}},"2":{"start":{"line":4,"column":0},"end":{"line":4,"column":13}},"3":{"start":{"line":5,"column":29},"end":{"line":5,"column":null}},"4":{"start":{"line":6,"column":62},"end":{"line":6,"column":null}},"5":{"start":{"line":7,"column":29},"end":{"line":7,"column":null}},"6":{"start":{"line":8,"column":53},"end":{"line":8,"column":null}},"7":{"start":{"line":9,"column":50},"end":{"line":9,"column":null}}},"fnMap":{},"branchMap":{"0":{"loc":{"start":{"line":9,"column":57},"end":{"line":9,"column":77}},"type":"cond-expr","locations":[{"start":{"line":9,"column":63},"end":{"line":9,"column":77}},{"start":{"line":9,"column":63},"end":{"line":9,"column":77}}]},"1":{"loc":{"start":{"line":9,"column":57},"end":{"line":9,"column":63}},"type":"binary-expr","locations":[{"start":{"line":9,"column":57},"end":{"line":9,"column":77}},{"start":{"line":9,"column":57},"end":{"line":9,"column":63}}]}},"s":{"0":0,"1":0,"2":0,"3":0,"4":0,"5":0,"6":0,"7":0},"f":{},"b":{"0":[0,0],"1":[0,0]}}
,"/home/jaber/Downloads/NestJS_Project/apps/api/src/signals/dto/update-signal.dto.ts": {"path":"/home/jaber/Downloads/NestJS_Project/apps/api/src/signals/dto/update-signal.dto.ts","statementMap":{"0":{"start":{"line":1,"column":0},"end":{"line":1,"column":46}},"1":{"start":{"line":2,"column":0},"end":{"line":2,"column":54}},"2":{"start":{"line":4,"column":0},"end":{"line":4,"column":13}}},"fnMap":{},"branchMap":{},"s":{"0":0,"1":0,"2":0},"f":{},"b":{}}
}
